<?xml version="1.0" encoding="UTF-8"?>
<testng-results ignored="0" total="2" passed="2" failed="0" skipped="0">
  <reporter-output>
  </reporter-output>
  <suite started-at="2022-11-17T05:26:25Z" name="Default suite" finished-at="2022-11-17T05:26:42Z" duration-ms="17366">
    <groups>
      <group name="cucumber">
        <method signature="AbstractTestNGCucumberTests.runScenario(io.cucumber.testng.PickleWrapper, io.cucumber.testng.FeatureWrapper)[pri:0, instance:com.runner.CucumberRunner@32c4e8b2]" name="runScenario" class="io.cucumber.testng.AbstractTestNGCucumberTests"/>
      </group> <!-- cucumber -->
    </groups>
    <test started-at="2022-11-17T05:26:25Z" name="Default test" finished-at="2022-11-17T05:26:42Z" duration-ms="17366">
      <class name="com.runner.CucumberRunner">
        <test-method is-config="true" signature="setUpClass()[pri:0, instance:com.runner.CucumberRunner@32c4e8b2]" started-at="2022-11-17T05:26:25Z" name="setUpClass" finished-at="2022-11-17T05:26:26Z" duration-ms="772" status="PASS">
          <reporter-output>
          </reporter-output>
        </test-method> <!-- setUpClass -->
        <test-method signature="runScenario(io.cucumber.testng.PickleWrapper, io.cucumber.testng.FeatureWrapper)[pri:0, instance:com.runner.CucumberRunner@32c4e8b2]" started-at="2022-11-17T05:26:26Z" name="runScenario" description="Runs Cucumber Scenarios" data-provider="scenarios" finished-at="2022-11-17T05:26:35Z" duration-ms="9150" status="PASS">
          <params>
            <param index="0">
              <value>
                <![CDATA["User should able to login with valid username and password"]]>
              </value>
            </param>
            <param index="1">
              <value>
                <![CDATA["Optional[OrangeHRM Login Feature]"]]>
              </value>
            </param>
          </params>
          <reporter-output>
          </reporter-output>
        </test-method> <!-- runScenario -->
        <test-method signature="runScenario(io.cucumber.testng.PickleWrapper, io.cucumber.testng.FeatureWrapper)[pri:0, instance:com.runner.CucumberRunner@32c4e8b2]" started-at="2022-11-17T05:26:35Z" name="runScenario" description="Runs Cucumber Scenarios" data-provider="scenarios" finished-at="2022-11-17T05:26:42Z" duration-ms="7299" status="PASS">
          <params>
            <param index="0">
              <value>
                <![CDATA["User should not able to login with valid username and invalid password"]]>
              </value>
            </param>
            <param index="1">
              <value>
                <![CDATA["Optional[OrangeHRM Login Feature]"]]>
              </value>
            </param>
          </params>
          <reporter-output>
          </reporter-output>
        </test-method> <!-- runScenario -->
        <test-method is-config="true" signature="tearDownClass()[pri:0, instance:com.runner.CucumberRunner@32c4e8b2]" started-at="2022-11-17T05:26:42Z" name="tearDownClass" finished-at="2022-11-17T05:26:42Z" duration-ms="109" status="PASS">
          <reporter-output>
          </reporter-output>
        </test-method> <!-- tearDownClass -->
      </class> <!-- com.runner.CucumberRunner -->
    </test> <!-- Default test -->
  </suite> <!-- Default suite -->
</testng-results>
